<?xml version="1.0" encoding="UTF-8"?>
<coverage generated="1523043305473" clover="3.2.0">
  <project timestamp="1523043305473" name="All files">
    <metrics statements="12" coveredstatements="9" conditionals="0" coveredconditionals="0" methods="7" coveredmethods="3" elements="19" coveredelements="12" complexity="0" loc="12" ncloc="12" packages="1" files="1" classes="1">
      <file name="createStore.js" path="/Users/sibr/Documents/Projekte/Code/Web/approx/src/createStore.js">
        <metrics statements="12" coveredstatements="9" conditionals="0" coveredconditionals="0" methods="7" coveredmethods="3"/>
        <line num="1" count="1" type="stmt"/>
        <line num="3" count="6" type="stmt"/>
        <line num="5" count="6" type="stmt"/>
        <line num="7" count="6" type="stmt"/>
        <line num="8" count="9" type="stmt"/>
        <line num="9" count="6" type="stmt"/>
        <line num="12" count="6" type="stmt"/>
        <line num="13" count="0" type="stmt"/>
        <line num="14" count="0" type="stmt"/>
        <line num="15" count="0" type="stmt"/>
        <line num="19" count="6" type="stmt"/>
        <line num="21" count="3" type="stmt"/>
      </file>
    </metrics>
  </project>
</coverage>
