{"/Users/sibr/Documents/Projekte/Code/Web/approx/src/createStore.js": {"path":"/Users/sibr/Documents/Projekte/Code/Web/approx/src/createStore.js","statementMap":{"0":{"start":{"line":1,"column":20},"end":{"line":22,"column":1}},"1":{"start":{"line":3,"column":18},"end":{"line":3,"column":20}},"2":{"start":{"line":5,"column":19},"end":{"line":5,"column":30}},"3":{"start":{"line":5,"column":25},"end":{"line":5,"column":30}},"4":{"start":{"line":7,"column":19},"end":{"line":10,"column":3}},"5":{"start":{"line":8,"column":4},"end":{"line":8,"column":34}},"6":{"start":{"line":9,"column":4},"end":{"line":9,"column":45}},"7":{"start":{"line":9,"column":34},"end":{"line":9,"column":44}},"8":{"start":{"line":12,"column":20},"end":{"line":17,"column":3}},"9":{"start":{"line":13,"column":4},"end":{"line":13,"column":28}},"10":{"start":{"line":14,"column":4},"end":{"line":16,"column":5}},"11":{"start":{"line":15,"column":6},"end":{"line":15,"column":55}},"12":{"start":{"line":15,"column":40},"end":{"line":15,"column":54}},"13":{"start":{"line":19,"column":2},"end":{"line":19,"column":14}},"14":{"start":{"line":21,"column":2},"end":{"line":21,"column":42}}},"fnMap":{"0":{"name":"(anonymous_0)","decl":{"start":{"line":1,"column":20},"end":{"line":1,"column":21}},"loc":{"start":{"line":1,"column":31},"end":{"line":22,"column":1}},"line":1},"1":{"name":"(anonymous_1)","decl":{"start":{"line":5,"column":19},"end":{"line":5,"column":20}},"loc":{"start":{"line":5,"column":25},"end":{"line":5,"column":30}},"line":5},"2":{"name":"(anonymous_2)","decl":{"start":{"line":7,"column":19},"end":{"line":7,"column":20}},"loc":{"start":{"line":7,"column":29},"end":{"line":10,"column":3}},"line":7},"3":{"name":"(anonymous_3)","decl":{"start":{"line":9,"column":22},"end":{"line":9,"column":23}},"loc":{"start":{"line":9,"column":34},"end":{"line":9,"column":44}},"line":9},"4":{"name":"(anonymous_4)","decl":{"start":{"line":12,"column":20},"end":{"line":12,"column":21}},"loc":{"start":{"line":12,"column":32},"end":{"line":17,"column":3}},"line":12},"5":{"name":"(anonymous_5)","decl":{"start":{"line":14,"column":11},"end":{"line":14,"column":12}},"loc":{"start":{"line":14,"column":17},"end":{"line":16,"column":5}},"line":14},"6":{"name":"(anonymous_6)","decl":{"start":{"line":15,"column":35},"end":{"line":15,"column":36}},"loc":{"start":{"line":15,"column":40},"end":{"line":15,"column":54}},"line":15}},"branchMap":{},"s":{"0":1,"1":6,"2":6,"3":3,"4":6,"5":9,"6":6,"7":0,"8":6,"9":0,"10":0,"11":0,"12":0,"13":6,"14":3},"f":{"0":6,"1":3,"2":9,"3":0,"4":0,"5":0,"6":0},"b":{},"_coverageSchema":"332fd63041d2c1bcb487cc26dd0d5f7d97098a6c","hash":"281bc32c2db988dd6c54a0a1c96ab30a24045723"}
}
